{"/Users/djsdollars/Desktop/Dev/juno/spec/test.js":{"path":"/Users/djsdollars/Desktop/Dev/juno/spec/test.js","s":{"1":1,"2":1,"3":0,"4":0,"5":0,"6":0,"7":0,"8":0,"9":0,"10":0,"11":0,"12":0,"13":0,"14":0},"b":{},"f":{"1":0,"2":0,"3":0,"4":0,"5":0},"fnMap":{"1":{"name":"(anonymous_1)","line":10,"loc":{"start":{"line":10,"column":53},"end":{"line":10,"column":64}}},"2":{"name":"(anonymous_2)","line":13,"loc":{"start":{"line":13,"column":50},"end":{"line":13,"column":65}}},"3":{"name":"(anonymous_3)","line":19,"loc":{"start":{"line":19,"column":40},"end":{"line":19,"column":55}}},"4":{"name":"(anonymous_4)","line":24,"loc":{"start":{"line":24,"column":53},"end":{"line":24,"column":68}}},"5":{"name":"(anonymous_5)","line":29,"loc":{"start":{"line":29,"column":53},"end":{"line":29,"column":68}}}},"statementMap":{"1":{"start":{"line":1,"column":0},"end":{"line":8,"column":2}},"2":{"start":{"line":10,"column":0},"end":{"line":35,"column":3}},"3":{"start":{"line":13,"column":2},"end":{"line":16,"column":5}},"4":{"start":{"line":14,"column":4},"end":{"line":14,"column":67}},"5":{"start":{"line":15,"column":4},"end":{"line":15,"column":11}},"6":{"start":{"line":19,"column":2},"end":{"line":22,"column":5}},"7":{"start":{"line":20,"column":4},"end":{"line":20,"column":63}},"8":{"start":{"line":21,"column":4},"end":{"line":21,"column":11}},"9":{"start":{"line":24,"column":2},"end":{"line":27,"column":5}},"10":{"start":{"line":25,"column":4},"end":{"line":25,"column":61}},"11":{"start":{"line":26,"column":4},"end":{"line":26,"column":11}},"12":{"start":{"line":29,"column":2},"end":{"line":32,"column":5}},"13":{"start":{"line":30,"column":4},"end":{"line":30,"column":61}},"14":{"start":{"line":31,"column":4},"end":{"line":31,"column":11}}},"branchMap":{}}}